<?xml version='1.0' encoding='UTF-8'?>
<testsuite hostname="JieFudiMacBook-Air.local" name="ImplementPkg.exp_prcssT" tests="3" errors="0" failures="0" skipped="0" time="7.77" timestamp="2024-07-25T16:29:37">
          <properties>
[...]
</properties>
          <testcase classname="ImplementPkg.exp_prcssT" name="exp_prcss_normal_1 should pass" time="3.296">
                      
                    </testcase><testcase classname="ImplementPkg.exp_prcssT" name="exp_prcss_normal_2 should pass" time="0.829">
                      
                    </testcase><testcase classname="ImplementPkg.exp_prcssT" name="exp_prcss_special should pass" time="3.645">
                      
                    </testcase>
          <system-out><![CDATA[]]></system-out>
          <system-err><![CDATA[]]></system-err>
        </testsuite>