[0m[[0m[0mdebug[0m] [0m[0mRunning TaskDef(ImplementPkg.exp_prcssT, org.scalatest.tools.Framework$$anon$1@63ed50f8, false, [SuiteSelector])[0m
[0m[[0m[0mdebug[0m] [0m[0mRunning TaskDef(ImplementPkg.sg_test, org.scalatest.tools.Framework$$anon$1@63ed50f8, false, [SuiteSelector])[0m
[0m[[0m[0mdebug[0m] [0m[0mRunning TaskDef(ImplementPkg.mux_3_1Test, org.scalatest.tools.Framework$$anon$1@63ed50f8, false, [SuiteSelector])[0m
[0m[[0m[0mdebug[0m] [0m[0mRunning TaskDef(ImplementPkg.comp_test, org.scalatest.tools.Framework$$anon$1@63ed50f8, false, [SuiteSelector])[0m
[0m[[0m[0minfo[0m] [0m[0m[32mexp_prcssT:[0m[0m
[0m[[0m[0minfo[0m] [0m[0m[32mexp_prcss_normal[0m[0m
[0m[[0m[0minfo[0m] [0m[0m[31m- should pass *** FAILED ***[0m[0m
[0m[[0m[0minfo[0m] [0m[0m[31m  firrtl.transforms.CheckCombLoops$CombLoopException: : [module exp_prcss] Combinational loop detected:[0m[0m
[0m[[0m[0minfo[0m] [0m[0m[31mexp_prcss.exp_io_out_exp[0m[0m
[0m[[0m[0minfo[0m] [0m[0m[31mexp_prcss._T_26	 @[exp_prcss.scala 94:37][0m[0m
[0m[[0m[0minfo[0m] [0m[0m[31mexp_prcss._GEN_27	 @[exp_prcss.scala 94:82 exp_prcss.scala 95:40][0m[0m
[0m[[0m[0minfo[0m] [0m[0m[31mexp_prcss._GEN_31	 @[exp_prcss.scala 92:57 exp_prcss.scala 24:24][0m[0m
[0m[[0m[0minfo[0m] [0m[0m[31mexp_prcss._GEN_35	 @[exp_prcss.scala 69:49][0m[0m
[0m[[0m[0minfo[0m] [0m[0m[31mexp_prcss._GEN_39	 @[exp_prcss.scala 64:41 exp_prcss.scala 65:32][0m[0m
[0m[[0m[0minfo[0m] [0m[0m[31mexp_prcss._GEN_43	 @[exp_prcss.scala 43:39][0m[0m
[0m[[0m[0minfo[0m] [0m[0m[31mexp_prcss._GEN_47	 @[exp_prcss.scala 40:34 exp_prcss.scala 41:32][0m[0m
[0m[[0m[0minfo[0m] [0m[0m[31mexp_prcss.exp_io_out_exp[0m[0m
[0m[[0m[0minfo[0m] [0m[0m[31m  ...[0m[0m
[0m[[0m[0minfo[0m] [0m[0m[32mexp_prcss_special[0m[0m
[0m[[0m[0minfo[0m] [0m[0m[31m- should pass *** FAILED ***[0m[0m
[0m[[0m[0minfo[0m] [0m[0m[31m  firrtl.transforms.CheckCombLoops$CombLoopException: : [module exp_prcss] Combinational loop detected:[0m[0m
[0m[[0m[0minfo[0m] [0m[0m[31mexp_prcss.exp_io_out_exp[0m[0m
[0m[[0m[0minfo[0m] [0m[0m[31mexp_prcss._T_26	 @[exp_prcss.scala 94:37][0m[0m
[0m[[0m[0minfo[0m] [0m[0m[31mexp_prcss._GEN_27	 @[exp_prcss.scala 94:82 exp_prcss.scala 95:40][0m[0m
[0m[[0m[0minfo[0m] [0m[0m[31mexp_prcss._GEN_31	 @[exp_prcss.scala 92:57 exp_prcss.scala 24:24][0m[0m
[0m[[0m[0minfo[0m] [0m[0m[31mexp_prcss._GEN_35	 @[exp_prcss.scala 69:49][0m[0m
[0m[[0m[0minfo[0m] [0m[0m[31mexp_prcss._GEN_39	 @[exp_prcss.scala 64:41 exp_prcss.scala 65:32][0m[0m
[0m[[0m[0minfo[0m] [0m[0m[31mexp_prcss._GEN_43	 @[exp_prcss.scala 43:39][0m[0m
[0m[[0m[0minfo[0m] [0m[0m[31mexp_prcss._GEN_47	 @[exp_prcss.scala 40:34 exp_prcss.scala 41:32][0m[0m
[0m[[0m[0minfo[0m] [0m[0m[31mexp_prcss.exp_io_out_exp[0m[0m
[0m[[0m[0minfo[0m] [0m[0m[31m  ...[0m[0m
[0m[[0m[0minfo[0m] [0m[0m[32msg_test:[0m[0m
[0m[[0m[0minfo[0m] [0m[0m[32msg_prcss[0m[0m
[0m[[0m[0minfo[0m] [0m[0m[32m- should Pass[0m[0m
[0m[[0m[0minfo[0m] [0m[0m[32mmux_3_1Test:[0m[0m
[0m[[0m[0minfo[0m] [0m[0m[32mMux_3_1_a[0m[0m
[0m[[0m[0minfo[0m] [0m[0m[32m- should pass[0m[0m
[0m[[0m[0minfo[0m] [0m[0m[32mMux_3_1_b[0m[0m
[0m[[0m[0minfo[0m] [0m[0m[32m- should pass[0m[0m
[0m[[0m[0minfo[0m] [0m[0m[32mMux_3_1_c[0m[0m
[0m[[0m[0minfo[0m] [0m[0m[32m- should pass[0m[0m
[0m[[0m[0minfo[0m] [0m[0m[32mcomp_test:[0m[0m
[0m[[0m[0minfo[0m] [0m[0m[32mCompr_3_2_a[0m[0m
[0m[[0m[0minfo[0m] [0m[0m[32m- should Pass[0m[0m
[0m[[0m[0minfo[0m] [0m[0m[32mCompr_3_2_b[0m[0m
[0m[[0m[0minfo[0m] [0m[0m[32m- should Pass[0m[0m
[0m[[0m[0minfo[0m] [0m[0m[36mRun completed in 7 seconds, 265 milliseconds.[0m[0m
[0m[[0m[0minfo[0m] [0m[0m[36mTotal number of tests run: 8[0m[0m
[0m[[0m[0minfo[0m] [0m[0m[36mSuites: completed 4, aborted 0[0m[0m
[0m[[0m[0minfo[0m] [0m[0m[36mTests: succeeded 6, failed 2, canceled 0, ignored 0, pending 0[0m[0m
[0m[[0m[0minfo[0m] [0m[0m[31m*** 2 TESTS FAILED ***[0m[0m
[0m[[0m[0mdebug[0m] [0m[0mPassed tests:[0m
[0m[[0m[0mdebug[0m] [0m[0m	ImplementPkg.mux_3_1Test[0m
[0m[[0m[0mdebug[0m] [0m[0m	ImplementPkg.comp_test[0m
[0m[[0m[0mdebug[0m] [0m[0m	ImplementPkg.sg_test[0m
[0m[[0m[31merror[0m] [0m[0mFailed tests:[0m
[0m[[0m[31merror[0m] [0m[0m	ImplementPkg.exp_prcssT[0m
[0m[[0m[31merror[0m] [0m[0m(Test / [31mtest[0m) sbt.TestsFailedException: Tests unsuccessful[0m
